<?xml version="1.0" encoding="UTF-8"?>
<testsuite xmlns:xsi="http://www.w3.org/2001/XMLSchema-instance" xsi:noNamespaceSchemaLocation="https://maven.apache.org/surefire/maven-surefire-plugin/xsd/surefire-test-report.xsd" name="com.sleepy.zeo.CloudEurekaClientConsumerApplicationTests" time="10.856" tests="1" errors="0" skipped="0" failures="0">
  <properties>
    <property name="gopherProxySet" value="false"/>
    <property name="awt.toolkit" value="sun.lwawt.macosx.LWCToolkit"/>
    <property name="java.specification.version" value="10"/>
    <property name="file.encoding.pkg" value="sun.io"/>
    <property name="sun.cpu.isalist" value=""/>
    <property name="sun.jnu.encoding" value="UTF-8"/>
    <property name="java.class.path" value="/Users/reetmoon/Documents/JavaProjects/SpringCloud/cloud-eureka-client-consumer/target/test-classes:/Users/reetmoon/Documents/JavaProjects/SpringCloud/cloud-eureka-client-consumer/target/classes:/Users/reetmoon/Profile/apache-maven-3.6.3/repo/org/springframework/boot/spring-boot-starter-web/2.4.0/spring-boot-starter-web-2.4.0.jar:/Users/reetmoon/Profile/apache-maven-3.6.3/repo/org/springframework/boot/spring-boot-starter/2.4.0/spring-boot-starter-2.4.0.jar:/Users/reetmoon/Profile/apache-maven-3.6.3/repo/org/springframework/boot/spring-boot/2.4.0/spring-boot-2.4.0.jar:/Users/reetmoon/Profile/apache-maven-3.6.3/repo/org/springframework/boot/spring-boot-autoconfigure/2.4.0/spring-boot-autoconfigure-2.4.0.jar:/Users/reetmoon/Profile/apache-maven-3.6.3/repo/org/springframework/boot/spring-boot-starter-logging/2.4.0/spring-boot-starter-logging-2.4.0.jar:/Users/reetmoon/Profile/apache-maven-3.6.3/repo/ch/qos/logback/logback-classic/1.2.3/logback-classic-1.2.3.jar:/Users/reetmoon/Profile/apache-maven-3.6.3/repo/ch/qos/logback/logback-core/1.2.3/logback-core-1.2.3.jar:/Users/reetmoon/Profile/apache-maven-3.6.3/repo/org/apache/logging/log4j/log4j-to-slf4j/2.13.3/log4j-to-slf4j-2.13.3.jar:/Users/reetmoon/Profile/apache-maven-3.6.3/repo/org/apache/logging/log4j/log4j-api/2.13.3/log4j-api-2.13.3.jar:/Users/reetmoon/Profile/apache-maven-3.6.3/repo/org/slf4j/jul-to-slf4j/1.7.30/jul-to-slf4j-1.7.30.jar:/Users/reetmoon/Profile/apache-maven-3.6.3/repo/jakarta/annotation/jakarta.annotation-api/1.3.5/jakarta.annotation-api-1.3.5.jar:/Users/reetmoon/Profile/apache-maven-3.6.3/repo/org/yaml/snakeyaml/1.27/snakeyaml-1.27.jar:/Users/reetmoon/Profile/apache-maven-3.6.3/repo/org/springframework/boot/spring-boot-starter-json/2.4.0/spring-boot-starter-json-2.4.0.jar:/Users/reetmoon/Profile/apache-maven-3.6.3/repo/com/fasterxml/jackson/core/jackson-databind/2.11.3/jackson-databind-2.11.3.jar:/Users/reetmoon/Profile/apache-maven-3.6.3/repo/com/fasterxml/jackson/datatype/jackson-datatype-jdk8/2.11.3/jackson-datatype-jdk8-2.11.3.jar:/Users/reetmoon/Profile/apache-maven-3.6.3/repo/com/fasterxml/jackson/datatype/jackson-datatype-jsr310/2.11.3/jackson-datatype-jsr310-2.11.3.jar:/Users/reetmoon/Profile/apache-maven-3.6.3/repo/com/fasterxml/jackson/module/jackson-module-parameter-names/2.11.3/jackson-module-parameter-names-2.11.3.jar:/Users/reetmoon/Profile/apache-maven-3.6.3/repo/org/springframework/boot/spring-boot-starter-tomcat/2.4.0/spring-boot-starter-tomcat-2.4.0.jar:/Users/reetmoon/Profile/apache-maven-3.6.3/repo/org/apache/tomcat/embed/tomcat-embed-core/9.0.39/tomcat-embed-core-9.0.39.jar:/Users/reetmoon/Profile/apache-maven-3.6.3/repo/org/glassfish/jakarta.el/3.0.3/jakarta.el-3.0.3.jar:/Users/reetmoon/Profile/apache-maven-3.6.3/repo/org/apache/tomcat/embed/tomcat-embed-websocket/9.0.39/tomcat-embed-websocket-9.0.39.jar:/Users/reetmoon/Profile/apache-maven-3.6.3/repo/org/springframework/spring-web/5.3.1/spring-web-5.3.1.jar:/Users/reetmoon/Profile/apache-maven-3.6.3/repo/org/springframework/spring-beans/5.3.1/spring-beans-5.3.1.jar:/Users/reetmoon/Profile/apache-maven-3.6.3/repo/org/springframework/spring-webmvc/5.3.1/spring-webmvc-5.3.1.jar:/Users/reetmoon/Profile/apache-maven-3.6.3/repo/org/springframework/spring-aop/5.3.1/spring-aop-5.3.1.jar:/Users/reetmoon/Profile/apache-maven-3.6.3/repo/org/springframework/spring-context/5.3.1/spring-context-5.3.1.jar:/Users/reetmoon/Profile/apache-maven-3.6.3/repo/org/springframework/spring-expression/5.3.1/spring-expression-5.3.1.jar:/Users/reetmoon/Profile/apache-maven-3.6.3/repo/org/springframework/cloud/spring-cloud-starter-netflix-eureka-client/3.0.0-SNAPSHOT/spring-cloud-starter-netflix-eureka-client-3.0.0-SNAPSHOT.jar:/Users/reetmoon/Profile/apache-maven-3.6.3/repo/org/springframework/cloud/spring-cloud-starter/3.0.0-SNAPSHOT/spring-cloud-starter-3.0.0-SNAPSHOT.jar:/Users/reetmoon/Profile/apache-maven-3.6.3/repo/org/springframework/cloud/spring-cloud-context/3.0.0-SNAPSHOT/spring-cloud-context-3.0.0-SNAPSHOT.jar:/Users/reetmoon/Profile/apache-maven-3.6.3/repo/org/springframework/security/spring-security-crypto/5.4.1/spring-security-crypto-5.4.1.jar:/Users/reetmoon/Profile/apache-maven-3.6.3/repo/org/springframework/cloud/spring-cloud-commons/3.0.0-SNAPSHOT/spring-cloud-commons-3.0.0-SNAPSHOT.jar:/Users/reetmoon/Profile/apache-maven-3.6.3/repo/org/springframework/security/spring-security-rsa/1.0.9.RELEASE/spring-security-rsa-1.0.9.RELEASE.jar:/Users/reetmoon/Profile/apache-maven-3.6.3/repo/org/bouncycastle/bcpkix-jdk15on/1.64/bcpkix-jdk15on-1.64.jar:/Users/reetmoon/Profile/apache-maven-3.6.3/repo/org/bouncycastle/bcprov-jdk15on/1.64/bcprov-jdk15on-1.64.jar:/Users/reetmoon/Profile/apache-maven-3.6.3/repo/org/springframework/cloud/spring-cloud-netflix-eureka-client/3.0.0-SNAPSHOT/spring-cloud-netflix-eureka-client-3.0.0-SNAPSHOT.jar:/Users/reetmoon/Profile/apache-maven-3.6.3/repo/com/netflix/eureka/eureka-client/1.10.7/eureka-client-1.10.7.jar:/Users/reetmoon/Profile/apache-maven-3.6.3/repo/com/netflix/netflix-commons/netflix-eventbus/0.3.0/netflix-eventbus-0.3.0.jar:/Users/reetmoon/Profile/apache-maven-3.6.3/repo/com/netflix/netflix-commons/netflix-infix/0.3.0/netflix-infix-0.3.0.jar:/Users/reetmoon/Profile/apache-maven-3.6.3/repo/commons-jxpath/commons-jxpath/1.3/commons-jxpath-1.3.jar:/Users/reetmoon/Profile/apache-maven-3.6.3/repo/joda-time/joda-time/2.3/joda-time-2.3.jar:/Users/reetmoon/Profile/apache-maven-3.6.3/repo/org/antlr/antlr-runtime/3.4/antlr-runtime-3.4.jar:/Users/reetmoon/Profile/apache-maven-3.6.3/repo/org/antlr/stringtemplate/3.2.1/stringtemplate-3.2.1.jar:/Users/reetmoon/Profile/apache-maven-3.6.3/repo/antlr/antlr/2.7.7/antlr-2.7.7.jar:/Users/reetmoon/Profile/apache-maven-3.6.3/repo/com/google/code/gson/gson/2.8.6/gson-2.8.6.jar:/Users/reetmoon/Profile/apache-maven-3.6.3/repo/org/apache/commons/commons-math/2.2/commons-math-2.2.jar:/Users/reetmoon/Profile/apache-maven-3.6.3/repo/javax/ws/rs/jsr311-api/1.1.1/jsr311-api-1.1.1.jar:/Users/reetmoon/Profile/apache-maven-3.6.3/repo/com/netflix/servo/servo-core/0.12.21/servo-core-0.12.21.jar:/Users/reetmoon/Profile/apache-maven-3.6.3/repo/org/apache/httpcomponents/httpclient/4.5.13/httpclient-4.5.13.jar:/Users/reetmoon/Profile/apache-maven-3.6.3/repo/org/apache/httpcomponents/httpcore/4.4.13/httpcore-4.4.13.jar:/Users/reetmoon/Profile/apache-maven-3.6.3/repo/commons-codec/commons-codec/1.15/commons-codec-1.15.jar:/Users/reetmoon/Profile/apache-maven-3.6.3/repo/commons-configuration/commons-configuration/1.10/commons-configuration-1.10.jar:/Users/reetmoon/Profile/apache-maven-3.6.3/repo/com/google/inject/guice/4.1.0/guice-4.1.0.jar:/Users/reetmoon/Profile/apache-maven-3.6.3/repo/aopalliance/aopalliance/1.0/aopalliance-1.0.jar:/Users/reetmoon/Profile/apache-maven-3.6.3/repo/com/fasterxml/jackson/core/jackson-annotations/2.11.3/jackson-annotations-2.11.3.jar:/Users/reetmoon/Profile/apache-maven-3.6.3/repo/com/fasterxml/jackson/core/jackson-core/2.11.3/jackson-core-2.11.3.jar:/Users/reetmoon/Profile/apache-maven-3.6.3/repo/org/codehaus/jettison/jettison/1.3.7/jettison-1.3.7.jar:/Users/reetmoon/Profile/apache-maven-3.6.3/repo/stax/stax-api/1.0.1/stax-api-1.0.1.jar:/Users/reetmoon/Profile/apache-maven-3.6.3/repo/com/netflix/eureka/eureka-core/1.10.7/eureka-core-1.10.7.jar:/Users/reetmoon/Profile/apache-maven-3.6.3/repo/com/fasterxml/woodstox/woodstox-core/5.3.0/woodstox-core-5.3.0.jar:/Users/reetmoon/Profile/apache-maven-3.6.3/repo/org/codehaus/woodstox/stax2-api/4.2/stax2-api-4.2.jar:/Users/reetmoon/Profile/apache-maven-3.6.3/repo/org/springframework/cloud/spring-cloud-starter-loadbalancer/3.0.0-SNAPSHOT/spring-cloud-starter-loadbalancer-3.0.0-SNAPSHOT.jar:/Users/reetmoon/Profile/apache-maven-3.6.3/repo/org/springframework/cloud/spring-cloud-loadbalancer/3.0.0-SNAPSHOT/spring-cloud-loadbalancer-3.0.0-SNAPSHOT.jar:/Users/reetmoon/Profile/apache-maven-3.6.3/repo/org/springframework/boot/spring-boot-starter-validation/2.4.0/spring-boot-starter-validation-2.4.0.jar:/Users/reetmoon/Profile/apache-maven-3.6.3/repo/org/hibernate/validator/hibernate-validator/6.1.6.Final/hibernate-validator-6.1.6.Final.jar:/Users/reetmoon/Profile/apache-maven-3.6.3/repo/jakarta/validation/jakarta.validation-api/2.0.2/jakarta.validation-api-2.0.2.jar:/Users/reetmoon/Profile/apache-maven-3.6.3/repo/org/jboss/logging/jboss-logging/3.4.1.Final/jboss-logging-3.4.1.Final.jar:/Users/reetmoon/Profile/apache-maven-3.6.3/repo/com/fasterxml/classmate/1.5.1/classmate-1.5.1.jar:/Users/reetmoon/Profile/apache-maven-3.6.3/repo/io/projectreactor/reactor-core/3.4.0/reactor-core-3.4.0.jar:/Users/reetmoon/Profile/apache-maven-3.6.3/repo/org/reactivestreams/reactive-streams/1.0.3/reactive-streams-1.0.3.jar:/Users/reetmoon/Profile/apache-maven-3.6.3/repo/io/projectreactor/addons/reactor-extra/3.4.0/reactor-extra-3.4.0.jar:/Users/reetmoon/Profile/apache-maven-3.6.3/repo/org/springframework/boot/spring-boot-starter-cache/2.4.0/spring-boot-starter-cache-2.4.0.jar:/Users/reetmoon/Profile/apache-maven-3.6.3/repo/org/springframework/spring-context-support/5.3.1/spring-context-support-5.3.1.jar:/Users/reetmoon/Profile/apache-maven-3.6.3/repo/com/stoyanr/evictor/1.0.0/evictor-1.0.0.jar:/Users/reetmoon/Profile/apache-maven-3.6.3/repo/com/thoughtworks/xstream/xstream/1.4.13/xstream-1.4.13.jar:/Users/reetmoon/Profile/apache-maven-3.6.3/repo/xmlpull/xmlpull/1.1.3.1/xmlpull-1.1.3.1.jar:/Users/reetmoon/Profile/apache-maven-3.6.3/repo/xpp3/xpp3_min/1.1.4c/xpp3_min-1.1.4c.jar:/Users/reetmoon/Profile/apache-maven-3.6.3/repo/org/springframework/cloud/spring-cloud-starter-netflix-ribbon/2.1.6.BUILD-SNAPSHOT/spring-cloud-starter-netflix-ribbon-2.1.6.BUILD-SNAPSHOT.jar:/Users/reetmoon/Profile/apache-maven-3.6.3/repo/org/springframework/cloud/spring-cloud-netflix-ribbon/2.1.6.BUILD-SNAPSHOT/spring-cloud-netflix-ribbon-2.1.6.BUILD-SNAPSHOT.jar:/Users/reetmoon/Profile/apache-maven-3.6.3/repo/org/springframework/cloud/spring-cloud-netflix-archaius/2.1.6.BUILD-SNAPSHOT/spring-cloud-netflix-archaius-2.1.6.BUILD-SNAPSHOT.jar:/Users/reetmoon/Profile/apache-maven-3.6.3/repo/org/springframework/cloud/spring-cloud-starter-netflix-archaius/2.1.6.BUILD-SNAPSHOT/spring-cloud-starter-netflix-archaius-2.1.6.BUILD-SNAPSHOT.jar:/Users/reetmoon/Profile/apache-maven-3.6.3/repo/com/netflix/archaius/archaius-core/0.7.6/archaius-core-0.7.6.jar:/Users/reetmoon/Profile/apache-maven-3.6.3/repo/com/google/code/findbugs/jsr305/3.0.1/jsr305-3.0.1.jar:/Users/reetmoon/Profile/apache-maven-3.6.3/repo/com/netflix/ribbon/ribbon/2.3.0/ribbon-2.3.0.jar:/Users/reetmoon/Profile/apache-maven-3.6.3/repo/com/netflix/ribbon/ribbon-transport/2.3.0/ribbon-transport-2.3.0.jar:/Users/reetmoon/Profile/apache-maven-3.6.3/repo/io/reactivex/rxnetty-contexts/0.4.9/rxnetty-contexts-0.4.9.jar:/Users/reetmoon/Profile/apache-maven-3.6.3/repo/io/reactivex/rxnetty-servo/0.4.9/rxnetty-servo-0.4.9.jar:/Users/reetmoon/Profile/apache-maven-3.6.3/repo/com/netflix/hystrix/hystrix-core/1.4.3/hystrix-core-1.4.3.jar:/Users/reetmoon/Profile/apache-maven-3.6.3/repo/javax/inject/javax.inject/1/javax.inject-1.jar:/Users/reetmoon/Profile/apache-maven-3.6.3/repo/io/reactivex/rxnetty/0.4.9/rxnetty-0.4.9.jar:/Users/reetmoon/Profile/apache-maven-3.6.3/repo/com/google/guava/guava/16.0.1/guava-16.0.1.jar:/Users/reetmoon/Profile/apache-maven-3.6.3/repo/com/netflix/ribbon/ribbon-core/2.3.0/ribbon-core-2.3.0.jar:/Users/reetmoon/Profile/apache-maven-3.6.3/repo/org/slf4j/slf4j-api/1.7.30/slf4j-api-1.7.30.jar:/Users/reetmoon/Profile/apache-maven-3.6.3/repo/commons-lang/commons-lang/2.6/commons-lang-2.6.jar:/Users/reetmoon/Profile/apache-maven-3.6.3/repo/com/netflix/ribbon/ribbon-httpclient/2.3.0/ribbon-httpclient-2.3.0.jar:/Users/reetmoon/Profile/apache-maven-3.6.3/repo/commons-collections/commons-collections/3.2.2/commons-collections-3.2.2.jar:/Users/reetmoon/Profile/apache-maven-3.6.3/repo/com/sun/jersey/jersey-client/1.19.1/jersey-client-1.19.1.jar:/Users/reetmoon/Profile/apache-maven-3.6.3/repo/com/sun/jersey/jersey-core/1.19.1/jersey-core-1.19.1.jar:/Users/reetmoon/Profile/apache-maven-3.6.3/repo/com/sun/jersey/contribs/jersey-apache-client4/1.19.1/jersey-apache-client4-1.19.1.jar:/Users/reetmoon/Profile/apache-maven-3.6.3/repo/com/netflix/netflix-commons/netflix-commons-util/0.1.1/netflix-commons-util-0.1.1.jar:/Users/reetmoon/Profile/apache-maven-3.6.3/repo/com/netflix/ribbon/ribbon-loadbalancer/2.3.0/ribbon-loadbalancer-2.3.0.jar:/Users/reetmoon/Profile/apache-maven-3.6.3/repo/com/netflix/netflix-commons/netflix-statistics/0.1.1/netflix-statistics-0.1.1.jar:/Users/reetmoon/Profile/apache-maven-3.6.3/repo/io/reactivex/rxjava/1.3.8/rxjava-1.3.8.jar:/Users/reetmoon/Profile/apache-maven-3.6.3/repo/org/springframework/boot/spring-boot-starter-test/2.4.0/spring-boot-starter-test-2.4.0.jar:/Users/reetmoon/Profile/apache-maven-3.6.3/repo/org/springframework/boot/spring-boot-test/2.4.0/spring-boot-test-2.4.0.jar:/Users/reetmoon/Profile/apache-maven-3.6.3/repo/org/springframework/boot/spring-boot-test-autoconfigure/2.4.0/spring-boot-test-autoconfigure-2.4.0.jar:/Users/reetmoon/Profile/apache-maven-3.6.3/repo/com/jayway/jsonpath/json-path/2.4.0/json-path-2.4.0.jar:/Users/reetmoon/Profile/apache-maven-3.6.3/repo/net/minidev/json-smart/2.3/json-smart-2.3.jar:/Users/reetmoon/Profile/apache-maven-3.6.3/repo/net/minidev/accessors-smart/1.2/accessors-smart-1.2.jar:/Users/reetmoon/Profile/apache-maven-3.6.3/repo/org/ow2/asm/asm/5.0.4/asm-5.0.4.jar:/Users/reetmoon/Profile/apache-maven-3.6.3/repo/jakarta/xml/bind/jakarta.xml.bind-api/2.3.3/jakarta.xml.bind-api-2.3.3.jar:/Users/reetmoon/Profile/apache-maven-3.6.3/repo/jakarta/activation/jakarta.activation-api/1.2.2/jakarta.activation-api-1.2.2.jar:/Users/reetmoon/Profile/apache-maven-3.6.3/repo/org/assertj/assertj-core/3.18.1/assertj-core-3.18.1.jar:/Users/reetmoon/Profile/apache-maven-3.6.3/repo/org/hamcrest/hamcrest/2.2/hamcrest-2.2.jar:/Users/reetmoon/Profile/apache-maven-3.6.3/repo/org/junit/jupiter/junit-jupiter/5.7.0/junit-jupiter-5.7.0.jar:/Users/reetmoon/Profile/apache-maven-3.6.3/repo/org/junit/jupiter/junit-jupiter-api/5.7.0/junit-jupiter-api-5.7.0.jar:/Users/reetmoon/Profile/apache-maven-3.6.3/repo/org/apiguardian/apiguardian-api/1.1.0/apiguardian-api-1.1.0.jar:/Users/reetmoon/Profile/apache-maven-3.6.3/repo/org/opentest4j/opentest4j/1.2.0/opentest4j-1.2.0.jar:/Users/reetmoon/Profile/apache-maven-3.6.3/repo/org/junit/platform/junit-platform-commons/1.7.0/junit-platform-commons-1.7.0.jar:/Users/reetmoon/Profile/apache-maven-3.6.3/repo/org/junit/jupiter/junit-jupiter-params/5.7.0/junit-jupiter-params-5.7.0.jar:/Users/reetmoon/Profile/apache-maven-3.6.3/repo/org/junit/jupiter/junit-jupiter-engine/5.7.0/junit-jupiter-engine-5.7.0.jar:/Users/reetmoon/Profile/apache-maven-3.6.3/repo/org/junit/platform/junit-platform-engine/1.7.0/junit-platform-engine-1.7.0.jar:/Users/reetmoon/Profile/apache-maven-3.6.3/repo/org/mockito/mockito-core/3.6.0/mockito-core-3.6.0.jar:/Users/reetmoon/Profile/apache-maven-3.6.3/repo/net/bytebuddy/byte-buddy/1.10.18/byte-buddy-1.10.18.jar:/Users/reetmoon/Profile/apache-maven-3.6.3/repo/net/bytebuddy/byte-buddy-agent/1.10.18/byte-buddy-agent-1.10.18.jar:/Users/reetmoon/Profile/apache-maven-3.6.3/repo/org/objenesis/objenesis/3.1/objenesis-3.1.jar:/Users/reetmoon/Profile/apache-maven-3.6.3/repo/org/mockito/mockito-junit-jupiter/3.6.0/mockito-junit-jupiter-3.6.0.jar:/Users/reetmoon/Profile/apache-maven-3.6.3/repo/org/skyscreamer/jsonassert/1.5.0/jsonassert-1.5.0.jar:/Users/reetmoon/Profile/apache-maven-3.6.3/repo/com/vaadin/external/google/android-json/0.0.20131108.vaadin1/android-json-0.0.20131108.vaadin1.jar:/Users/reetmoon/Profile/apache-maven-3.6.3/repo/org/springframework/spring-core/5.3.1/spring-core-5.3.1.jar:/Users/reetmoon/Profile/apache-maven-3.6.3/repo/org/springframework/spring-jcl/5.3.1/spring-jcl-5.3.1.jar:/Users/reetmoon/Profile/apache-maven-3.6.3/repo/org/springframework/spring-test/5.3.1/spring-test-5.3.1.jar:/Users/reetmoon/Profile/apache-maven-3.6.3/repo/org/xmlunit/xmlunit-core/2.7.0/xmlunit-core-2.7.0.jar:"/>
    <property name="java.vm.vendor" value="&quot;Oracle Corporation&quot;"/>
    <property name="sun.arch.data.model" value="64"/>
    <property name="java.vendor.url" value="http://java.oracle.com/"/>
    <property name="user.timezone" value=""/>
    <property name="java.vm.specification.version" value="10"/>
    <property name="os.name" value="Mac OS X"/>
    <property name="sun.java.launcher" value="SUN_STANDARD"/>
    <property name="user.country" value="HK"/>
    <property name="sun.boot.library.path" value="/Library/Java/JavaVirtualMachines/jdk-10.0.1.jdk/Contents/Home/lib"/>
    <property name="sun.java.command" value="/Users/reetmoon/Documents/JavaProjects/SpringCloud/cloud-eureka-client-consumer/target/surefire/surefirebooter13933502208253767277.jar /Users/reetmoon/Documents/JavaProjects/SpringCloud/cloud-eureka-client-consumer/target/surefire 2020-11-20T01-54-49_814-jvmRun1 surefire12035173232342990295tmp surefire_26406700210436756766tmp"/>
    <property name="jdk.debug" value="release"/>
    <property name="surefire.test.class.path" value="/Users/reetmoon/Documents/JavaProjects/SpringCloud/cloud-eureka-client-consumer/target/test-classes:/Users/reetmoon/Documents/JavaProjects/SpringCloud/cloud-eureka-client-consumer/target/classes:/Users/reetmoon/Profile/apache-maven-3.6.3/repo/org/springframework/boot/spring-boot-starter-web/2.4.0/spring-boot-starter-web-2.4.0.jar:/Users/reetmoon/Profile/apache-maven-3.6.3/repo/org/springframework/boot/spring-boot-starter/2.4.0/spring-boot-starter-2.4.0.jar:/Users/reetmoon/Profile/apache-maven-3.6.3/repo/org/springframework/boot/spring-boot/2.4.0/spring-boot-2.4.0.jar:/Users/reetmoon/Profile/apache-maven-3.6.3/repo/org/springframework/boot/spring-boot-autoconfigure/2.4.0/spring-boot-autoconfigure-2.4.0.jar:/Users/reetmoon/Profile/apache-maven-3.6.3/repo/org/springframework/boot/spring-boot-starter-logging/2.4.0/spring-boot-starter-logging-2.4.0.jar:/Users/reetmoon/Profile/apache-maven-3.6.3/repo/ch/qos/logback/logback-classic/1.2.3/logback-classic-1.2.3.jar:/Users/reetmoon/Profile/apache-maven-3.6.3/repo/ch/qos/logback/logback-core/1.2.3/logback-core-1.2.3.jar:/Users/reetmoon/Profile/apache-maven-3.6.3/repo/org/apache/logging/log4j/log4j-to-slf4j/2.13.3/log4j-to-slf4j-2.13.3.jar:/Users/reetmoon/Profile/apache-maven-3.6.3/repo/org/apache/logging/log4j/log4j-api/2.13.3/log4j-api-2.13.3.jar:/Users/reetmoon/Profile/apache-maven-3.6.3/repo/org/slf4j/jul-to-slf4j/1.7.30/jul-to-slf4j-1.7.30.jar:/Users/reetmoon/Profile/apache-maven-3.6.3/repo/jakarta/annotation/jakarta.annotation-api/1.3.5/jakarta.annotation-api-1.3.5.jar:/Users/reetmoon/Profile/apache-maven-3.6.3/repo/org/yaml/snakeyaml/1.27/snakeyaml-1.27.jar:/Users/reetmoon/Profile/apache-maven-3.6.3/repo/org/springframework/boot/spring-boot-starter-json/2.4.0/spring-boot-starter-json-2.4.0.jar:/Users/reetmoon/Profile/apache-maven-3.6.3/repo/com/fasterxml/jackson/core/jackson-databind/2.11.3/jackson-databind-2.11.3.jar:/Users/reetmoon/Profile/apache-maven-3.6.3/repo/com/fasterxml/jackson/datatype/jackson-datatype-jdk8/2.11.3/jackson-datatype-jdk8-2.11.3.jar:/Users/reetmoon/Profile/apache-maven-3.6.3/repo/com/fasterxml/jackson/datatype/jackson-datatype-jsr310/2.11.3/jackson-datatype-jsr310-2.11.3.jar:/Users/reetmoon/Profile/apache-maven-3.6.3/repo/com/fasterxml/jackson/module/jackson-module-parameter-names/2.11.3/jackson-module-parameter-names-2.11.3.jar:/Users/reetmoon/Profile/apache-maven-3.6.3/repo/org/springframework/boot/spring-boot-starter-tomcat/2.4.0/spring-boot-starter-tomcat-2.4.0.jar:/Users/reetmoon/Profile/apache-maven-3.6.3/repo/org/apache/tomcat/embed/tomcat-embed-core/9.0.39/tomcat-embed-core-9.0.39.jar:/Users/reetmoon/Profile/apache-maven-3.6.3/repo/org/glassfish/jakarta.el/3.0.3/jakarta.el-3.0.3.jar:/Users/reetmoon/Profile/apache-maven-3.6.3/repo/org/apache/tomcat/embed/tomcat-embed-websocket/9.0.39/tomcat-embed-websocket-9.0.39.jar:/Users/reetmoon/Profile/apache-maven-3.6.3/repo/org/springframework/spring-web/5.3.1/spring-web-5.3.1.jar:/Users/reetmoon/Profile/apache-maven-3.6.3/repo/org/springframework/spring-beans/5.3.1/spring-beans-5.3.1.jar:/Users/reetmoon/Profile/apache-maven-3.6.3/repo/org/springframework/spring-webmvc/5.3.1/spring-webmvc-5.3.1.jar:/Users/reetmoon/Profile/apache-maven-3.6.3/repo/org/springframework/spring-aop/5.3.1/spring-aop-5.3.1.jar:/Users/reetmoon/Profile/apache-maven-3.6.3/repo/org/springframework/spring-context/5.3.1/spring-context-5.3.1.jar:/Users/reetmoon/Profile/apache-maven-3.6.3/repo/org/springframework/spring-expression/5.3.1/spring-expression-5.3.1.jar:/Users/reetmoon/Profile/apache-maven-3.6.3/repo/org/springframework/cloud/spring-cloud-starter-netflix-eureka-client/3.0.0-SNAPSHOT/spring-cloud-starter-netflix-eureka-client-3.0.0-SNAPSHOT.jar:/Users/reetmoon/Profile/apache-maven-3.6.3/repo/org/springframework/cloud/spring-cloud-starter/3.0.0-SNAPSHOT/spring-cloud-starter-3.0.0-SNAPSHOT.jar:/Users/reetmoon/Profile/apache-maven-3.6.3/repo/org/springframework/cloud/spring-cloud-context/3.0.0-SNAPSHOT/spring-cloud-context-3.0.0-SNAPSHOT.jar:/Users/reetmoon/Profile/apache-maven-3.6.3/repo/org/springframework/security/spring-security-crypto/5.4.1/spring-security-crypto-5.4.1.jar:/Users/reetmoon/Profile/apache-maven-3.6.3/repo/org/springframework/cloud/spring-cloud-commons/3.0.0-SNAPSHOT/spring-cloud-commons-3.0.0-SNAPSHOT.jar:/Users/reetmoon/Profile/apache-maven-3.6.3/repo/org/springframework/security/spring-security-rsa/1.0.9.RELEASE/spring-security-rsa-1.0.9.RELEASE.jar:/Users/reetmoon/Profile/apache-maven-3.6.3/repo/org/bouncycastle/bcpkix-jdk15on/1.64/bcpkix-jdk15on-1.64.jar:/Users/reetmoon/Profile/apache-maven-3.6.3/repo/org/bouncycastle/bcprov-jdk15on/1.64/bcprov-jdk15on-1.64.jar:/Users/reetmoon/Profile/apache-maven-3.6.3/repo/org/springframework/cloud/spring-cloud-netflix-eureka-client/3.0.0-SNAPSHOT/spring-cloud-netflix-eureka-client-3.0.0-SNAPSHOT.jar:/Users/reetmoon/Profile/apache-maven-3.6.3/repo/com/netflix/eureka/eureka-client/1.10.7/eureka-client-1.10.7.jar:/Users/reetmoon/Profile/apache-maven-3.6.3/repo/com/netflix/netflix-commons/netflix-eventbus/0.3.0/netflix-eventbus-0.3.0.jar:/Users/reetmoon/Profile/apache-maven-3.6.3/repo/com/netflix/netflix-commons/netflix-infix/0.3.0/netflix-infix-0.3.0.jar:/Users/reetmoon/Profile/apache-maven-3.6.3/repo/commons-jxpath/commons-jxpath/1.3/commons-jxpath-1.3.jar:/Users/reetmoon/Profile/apache-maven-3.6.3/repo/joda-time/joda-time/2.3/joda-time-2.3.jar:/Users/reetmoon/Profile/apache-maven-3.6.3/repo/org/antlr/antlr-runtime/3.4/antlr-runtime-3.4.jar:/Users/reetmoon/Profile/apache-maven-3.6.3/repo/org/antlr/stringtemplate/3.2.1/stringtemplate-3.2.1.jar:/Users/reetmoon/Profile/apache-maven-3.6.3/repo/antlr/antlr/2.7.7/antlr-2.7.7.jar:/Users/reetmoon/Profile/apache-maven-3.6.3/repo/com/google/code/gson/gson/2.8.6/gson-2.8.6.jar:/Users/reetmoon/Profile/apache-maven-3.6.3/repo/org/apache/commons/commons-math/2.2/commons-math-2.2.jar:/Users/reetmoon/Profile/apache-maven-3.6.3/repo/javax/ws/rs/jsr311-api/1.1.1/jsr311-api-1.1.1.jar:/Users/reetmoon/Profile/apache-maven-3.6.3/repo/com/netflix/servo/servo-core/0.12.21/servo-core-0.12.21.jar:/Users/reetmoon/Profile/apache-maven-3.6.3/repo/org/apache/httpcomponents/httpclient/4.5.13/httpclient-4.5.13.jar:/Users/reetmoon/Profile/apache-maven-3.6.3/repo/org/apache/httpcomponents/httpcore/4.4.13/httpcore-4.4.13.jar:/Users/reetmoon/Profile/apache-maven-3.6.3/repo/commons-codec/commons-codec/1.15/commons-codec-1.15.jar:/Users/reetmoon/Profile/apache-maven-3.6.3/repo/commons-configuration/commons-configuration/1.10/commons-configuration-1.10.jar:/Users/reetmoon/Profile/apache-maven-3.6.3/repo/com/google/inject/guice/4.1.0/guice-4.1.0.jar:/Users/reetmoon/Profile/apache-maven-3.6.3/repo/aopalliance/aopalliance/1.0/aopalliance-1.0.jar:/Users/reetmoon/Profile/apache-maven-3.6.3/repo/com/fasterxml/jackson/core/jackson-annotations/2.11.3/jackson-annotations-2.11.3.jar:/Users/reetmoon/Profile/apache-maven-3.6.3/repo/com/fasterxml/jackson/core/jackson-core/2.11.3/jackson-core-2.11.3.jar:/Users/reetmoon/Profile/apache-maven-3.6.3/repo/org/codehaus/jettison/jettison/1.3.7/jettison-1.3.7.jar:/Users/reetmoon/Profile/apache-maven-3.6.3/repo/stax/stax-api/1.0.1/stax-api-1.0.1.jar:/Users/reetmoon/Profile/apache-maven-3.6.3/repo/com/netflix/eureka/eureka-core/1.10.7/eureka-core-1.10.7.jar:/Users/reetmoon/Profile/apache-maven-3.6.3/repo/com/fasterxml/woodstox/woodstox-core/5.3.0/woodstox-core-5.3.0.jar:/Users/reetmoon/Profile/apache-maven-3.6.3/repo/org/codehaus/woodstox/stax2-api/4.2/stax2-api-4.2.jar:/Users/reetmoon/Profile/apache-maven-3.6.3/repo/org/springframework/cloud/spring-cloud-starter-loadbalancer/3.0.0-SNAPSHOT/spring-cloud-starter-loadbalancer-3.0.0-SNAPSHOT.jar:/Users/reetmoon/Profile/apache-maven-3.6.3/repo/org/springframework/cloud/spring-cloud-loadbalancer/3.0.0-SNAPSHOT/spring-cloud-loadbalancer-3.0.0-SNAPSHOT.jar:/Users/reetmoon/Profile/apache-maven-3.6.3/repo/org/springframework/boot/spring-boot-starter-validation/2.4.0/spring-boot-starter-validation-2.4.0.jar:/Users/reetmoon/Profile/apache-maven-3.6.3/repo/org/hibernate/validator/hibernate-validator/6.1.6.Final/hibernate-validator-6.1.6.Final.jar:/Users/reetmoon/Profile/apache-maven-3.6.3/repo/jakarta/validation/jakarta.validation-api/2.0.2/jakarta.validation-api-2.0.2.jar:/Users/reetmoon/Profile/apache-maven-3.6.3/repo/org/jboss/logging/jboss-logging/3.4.1.Final/jboss-logging-3.4.1.Final.jar:/Users/reetmoon/Profile/apache-maven-3.6.3/repo/com/fasterxml/classmate/1.5.1/classmate-1.5.1.jar:/Users/reetmoon/Profile/apache-maven-3.6.3/repo/io/projectreactor/reactor-core/3.4.0/reactor-core-3.4.0.jar:/Users/reetmoon/Profile/apache-maven-3.6.3/repo/org/reactivestreams/reactive-streams/1.0.3/reactive-streams-1.0.3.jar:/Users/reetmoon/Profile/apache-maven-3.6.3/repo/io/projectreactor/addons/reactor-extra/3.4.0/reactor-extra-3.4.0.jar:/Users/reetmoon/Profile/apache-maven-3.6.3/repo/org/springframework/boot/spring-boot-starter-cache/2.4.0/spring-boot-starter-cache-2.4.0.jar:/Users/reetmoon/Profile/apache-maven-3.6.3/repo/org/springframework/spring-context-support/5.3.1/spring-context-support-5.3.1.jar:/Users/reetmoon/Profile/apache-maven-3.6.3/repo/com/stoyanr/evictor/1.0.0/evictor-1.0.0.jar:/Users/reetmoon/Profile/apache-maven-3.6.3/repo/com/thoughtworks/xstream/xstream/1.4.13/xstream-1.4.13.jar:/Users/reetmoon/Profile/apache-maven-3.6.3/repo/xmlpull/xmlpull/1.1.3.1/xmlpull-1.1.3.1.jar:/Users/reetmoon/Profile/apache-maven-3.6.3/repo/xpp3/xpp3_min/1.1.4c/xpp3_min-1.1.4c.jar:/Users/reetmoon/Profile/apache-maven-3.6.3/repo/org/springframework/cloud/spring-cloud-starter-netflix-ribbon/2.1.6.BUILD-SNAPSHOT/spring-cloud-starter-netflix-ribbon-2.1.6.BUILD-SNAPSHOT.jar:/Users/reetmoon/Profile/apache-maven-3.6.3/repo/org/springframework/cloud/spring-cloud-netflix-ribbon/2.1.6.BUILD-SNAPSHOT/spring-cloud-netflix-ribbon-2.1.6.BUILD-SNAPSHOT.jar:/Users/reetmoon/Profile/apache-maven-3.6.3/repo/org/springframework/cloud/spring-cloud-netflix-archaius/2.1.6.BUILD-SNAPSHOT/spring-cloud-netflix-archaius-2.1.6.BUILD-SNAPSHOT.jar:/Users/reetmoon/Profile/apache-maven-3.6.3/repo/org/springframework/cloud/spring-cloud-starter-netflix-archaius/2.1.6.BUILD-SNAPSHOT/spring-cloud-starter-netflix-archaius-2.1.6.BUILD-SNAPSHOT.jar:/Users/reetmoon/Profile/apache-maven-3.6.3/repo/com/netflix/archaius/archaius-core/0.7.6/archaius-core-0.7.6.jar:/Users/reetmoon/Profile/apache-maven-3.6.3/repo/com/google/code/findbugs/jsr305/3.0.1/jsr305-3.0.1.jar:/Users/reetmoon/Profile/apache-maven-3.6.3/repo/com/netflix/ribbon/ribbon/2.3.0/ribbon-2.3.0.jar:/Users/reetmoon/Profile/apache-maven-3.6.3/repo/com/netflix/ribbon/ribbon-transport/2.3.0/ribbon-transport-2.3.0.jar:/Users/reetmoon/Profile/apache-maven-3.6.3/repo/io/reactivex/rxnetty-contexts/0.4.9/rxnetty-contexts-0.4.9.jar:/Users/reetmoon/Profile/apache-maven-3.6.3/repo/io/reactivex/rxnetty-servo/0.4.9/rxnetty-servo-0.4.9.jar:/Users/reetmoon/Profile/apache-maven-3.6.3/repo/com/netflix/hystrix/hystrix-core/1.4.3/hystrix-core-1.4.3.jar:/Users/reetmoon/Profile/apache-maven-3.6.3/repo/javax/inject/javax.inject/1/javax.inject-1.jar:/Users/reetmoon/Profile/apache-maven-3.6.3/repo/io/reactivex/rxnetty/0.4.9/rxnetty-0.4.9.jar:/Users/reetmoon/Profile/apache-maven-3.6.3/repo/com/google/guava/guava/16.0.1/guava-16.0.1.jar:/Users/reetmoon/Profile/apache-maven-3.6.3/repo/com/netflix/ribbon/ribbon-core/2.3.0/ribbon-core-2.3.0.jar:/Users/reetmoon/Profile/apache-maven-3.6.3/repo/org/slf4j/slf4j-api/1.7.30/slf4j-api-1.7.30.jar:/Users/reetmoon/Profile/apache-maven-3.6.3/repo/commons-lang/commons-lang/2.6/commons-lang-2.6.jar:/Users/reetmoon/Profile/apache-maven-3.6.3/repo/com/netflix/ribbon/ribbon-httpclient/2.3.0/ribbon-httpclient-2.3.0.jar:/Users/reetmoon/Profile/apache-maven-3.6.3/repo/commons-collections/commons-collections/3.2.2/commons-collections-3.2.2.jar:/Users/reetmoon/Profile/apache-maven-3.6.3/repo/com/sun/jersey/jersey-client/1.19.1/jersey-client-1.19.1.jar:/Users/reetmoon/Profile/apache-maven-3.6.3/repo/com/sun/jersey/jersey-core/1.19.1/jersey-core-1.19.1.jar:/Users/reetmoon/Profile/apache-maven-3.6.3/repo/com/sun/jersey/contribs/jersey-apache-client4/1.19.1/jersey-apache-client4-1.19.1.jar:/Users/reetmoon/Profile/apache-maven-3.6.3/repo/com/netflix/netflix-commons/netflix-commons-util/0.1.1/netflix-commons-util-0.1.1.jar:/Users/reetmoon/Profile/apache-maven-3.6.3/repo/com/netflix/ribbon/ribbon-loadbalancer/2.3.0/ribbon-loadbalancer-2.3.0.jar:/Users/reetmoon/Profile/apache-maven-3.6.3/repo/com/netflix/netflix-commons/netflix-statistics/0.1.1/netflix-statistics-0.1.1.jar:/Users/reetmoon/Profile/apache-maven-3.6.3/repo/io/reactivex/rxjava/1.3.8/rxjava-1.3.8.jar:/Users/reetmoon/Profile/apache-maven-3.6.3/repo/org/springframework/boot/spring-boot-starter-test/2.4.0/spring-boot-starter-test-2.4.0.jar:/Users/reetmoon/Profile/apache-maven-3.6.3/repo/org/springframework/boot/spring-boot-test/2.4.0/spring-boot-test-2.4.0.jar:/Users/reetmoon/Profile/apache-maven-3.6.3/repo/org/springframework/boot/spring-boot-test-autoconfigure/2.4.0/spring-boot-test-autoconfigure-2.4.0.jar:/Users/reetmoon/Profile/apache-maven-3.6.3/repo/com/jayway/jsonpath/json-path/2.4.0/json-path-2.4.0.jar:/Users/reetmoon/Profile/apache-maven-3.6.3/repo/net/minidev/json-smart/2.3/json-smart-2.3.jar:/Users/reetmoon/Profile/apache-maven-3.6.3/repo/net/minidev/accessors-smart/1.2/accessors-smart-1.2.jar:/Users/reetmoon/Profile/apache-maven-3.6.3/repo/org/ow2/asm/asm/5.0.4/asm-5.0.4.jar:/Users/reetmoon/Profile/apache-maven-3.6.3/repo/jakarta/xml/bind/jakarta.xml.bind-api/2.3.3/jakarta.xml.bind-api-2.3.3.jar:/Users/reetmoon/Profile/apache-maven-3.6.3/repo/jakarta/activation/jakarta.activation-api/1.2.2/jakarta.activation-api-1.2.2.jar:/Users/reetmoon/Profile/apache-maven-3.6.3/repo/org/assertj/assertj-core/3.18.1/assertj-core-3.18.1.jar:/Users/reetmoon/Profile/apache-maven-3.6.3/repo/org/hamcrest/hamcrest/2.2/hamcrest-2.2.jar:/Users/reetmoon/Profile/apache-maven-3.6.3/repo/org/junit/jupiter/junit-jupiter/5.7.0/junit-jupiter-5.7.0.jar:/Users/reetmoon/Profile/apache-maven-3.6.3/repo/org/junit/jupiter/junit-jupiter-api/5.7.0/junit-jupiter-api-5.7.0.jar:/Users/reetmoon/Profile/apache-maven-3.6.3/repo/org/apiguardian/apiguardian-api/1.1.0/apiguardian-api-1.1.0.jar:/Users/reetmoon/Profile/apache-maven-3.6.3/repo/org/opentest4j/opentest4j/1.2.0/opentest4j-1.2.0.jar:/Users/reetmoon/Profile/apache-maven-3.6.3/repo/org/junit/platform/junit-platform-commons/1.7.0/junit-platform-commons-1.7.0.jar:/Users/reetmoon/Profile/apache-maven-3.6.3/repo/org/junit/jupiter/junit-jupiter-params/5.7.0/junit-jupiter-params-5.7.0.jar:/Users/reetmoon/Profile/apache-maven-3.6.3/repo/org/junit/jupiter/junit-jupiter-engine/5.7.0/junit-jupiter-engine-5.7.0.jar:/Users/reetmoon/Profile/apache-maven-3.6.3/repo/org/junit/platform/junit-platform-engine/1.7.0/junit-platform-engine-1.7.0.jar:/Users/reetmoon/Profile/apache-maven-3.6.3/repo/org/mockito/mockito-core/3.6.0/mockito-core-3.6.0.jar:/Users/reetmoon/Profile/apache-maven-3.6.3/repo/net/bytebuddy/byte-buddy/1.10.18/byte-buddy-1.10.18.jar:/Users/reetmoon/Profile/apache-maven-3.6.3/repo/net/bytebuddy/byte-buddy-agent/1.10.18/byte-buddy-agent-1.10.18.jar:/Users/reetmoon/Profile/apache-maven-3.6.3/repo/org/objenesis/objenesis/3.1/objenesis-3.1.jar:/Users/reetmoon/Profile/apache-maven-3.6.3/repo/org/mockito/mockito-junit-jupiter/3.6.0/mockito-junit-jupiter-3.6.0.jar:/Users/reetmoon/Profile/apache-maven-3.6.3/repo/org/skyscreamer/jsonassert/1.5.0/jsonassert-1.5.0.jar:/Users/reetmoon/Profile/apache-maven-3.6.3/repo/com/vaadin/external/google/android-json/0.0.20131108.vaadin1/android-json-0.0.20131108.vaadin1.jar:/Users/reetmoon/Profile/apache-maven-3.6.3/repo/org/springframework/spring-core/5.3.1/spring-core-5.3.1.jar:/Users/reetmoon/Profile/apache-maven-3.6.3/repo/org/springframework/spring-jcl/5.3.1/spring-jcl-5.3.1.jar:/Users/reetmoon/Profile/apache-maven-3.6.3/repo/org/springframework/spring-test/5.3.1/spring-test-5.3.1.jar:/Users/reetmoon/Profile/apache-maven-3.6.3/repo/org/xmlunit/xmlunit-core/2.7.0/xmlunit-core-2.7.0.jar:"/>
    <property name="sun.cpu.endian" value="little"/>
    <property name="user.home" value="/Users/reetmoon"/>
    <property name="user.language" value="en"/>
    <property name="java.specification.vendor" value="Oracle Corporation"/>
    <property name="java.version.date" value="2018-04-17"/>
    <property name="java.home" value="/Library/Java/JavaVirtualMachines/jdk-10.0.1.jdk/Contents/Home"/>
    <property name="file.separator" value="/"/>
    <property name="basedir" value="/Users/reetmoon/Documents/JavaProjects/SpringCloud/cloud-eureka-client-consumer"/>
    <property name="java.vm.compressedOopsMode" value="Zero based"/>
    <property name="line.separator" value="&#10;"/>
    <property name="java.specification.name" value="Java Platform API Specification"/>
    <property name="java.vm.specification.vendor" value="Oracle Corporation"/>
    <property name="java.awt.graphicsenv" value="sun.awt.CGraphicsEnvironment"/>
    <property name="surefire.real.class.path" value="/Users/reetmoon/Documents/JavaProjects/SpringCloud/cloud-eureka-client-consumer/target/surefire/surefirebooter13933502208253767277.jar"/>
    <property name="sun.management.compiler" value="HotSpot 64-Bit Tiered Compilers"/>
    <property name="java.runtime.version" value="10.0.1+10"/>
    <property name="user.name" value="reetmoon"/>
    <property name="path.separator" value=":"/>
    <property name="os.version" value="10.16"/>
    <property name="java.runtime.name" value="Java(TM) SE Runtime Environment"/>
    <property name="file.encoding" value="UTF-8"/>
    <property name="java.vm.name" value="Java HotSpot(TM) 64-Bit Server VM"/>
    <property name="java.vendor.version" value="18.3"/>
    <property name="localRepository" value="/Users/reetmoon/Profile/apache-maven-3.6.3/repo"/>
    <property name="java.vendor.url.bug" value="http://bugreport.java.com/bugreport/"/>
    <property name="java.io.tmpdir" value="/var/folders/gk/6t9j52612s75bx9rgwjrxrlc0000gn/T/"/>
    <property name="java.version" value="10.0.1"/>
    <property name="user.dir" value="/Users/reetmoon/Documents/JavaProjects/SpringCloud/cloud-eureka-client-consumer"/>
    <property name="os.arch" value="x86_64"/>
    <property name="java.vm.specification.name" value="Java Virtual Machine Specification"/>
    <property name="java.awt.printerjob" value="sun.lwawt.macosx.CPrinterJob"/>
    <property name="sun.os.patch.level" value="unknown"/>
    <property name="java.library.path" value="/Users/reetmoon/Library/Java/Extensions:/Library/Java/Extensions:/Network/Library/Java/Extensions:/System/Library/Java/Extensions:/usr/lib/java:."/>
    <property name="java.vendor" value="Oracle Corporation"/>
    <property name="java.vm.info" value="mixed mode"/>
    <property name="java.vm.version" value="10.0.1+10"/>
    <property name="sun.io.unicode.encoding" value="UnicodeBig"/>
    <property name="java.class.version" value="54.0"/>
  </properties>
  <testcase name="contextLoads" classname="com.sleepy.zeo.CloudEurekaClientConsumerApplicationTests" time="0.434"/>
</testsuite>